<?xml version="1.0"?><coverage lines-covered="279" lines-valid="337" line-rate="0.827893175074184" branches-covered="0" branches-valid="0" branch-rate="0" complexity="0" version="1.9" timestamp="1768055270"><sources><source>/home/alex/Projects/logen</source></sources><packages><package name="src/render" line-rate="0.9041095890410958" branch-rate="0" complexity="0"><classes><class name="png" filename="src/render/png.rs" line-rate="0.911504424778761" branch-rate="0" complexity="0"><methods/><lines><line number="16" hits="2"/><line number="21" hits="2"/><line number="23" hits="6"/><line number="24" hits="2"/><line number="30" hits="2"/><line number="31" hits="0"/><line number="33" hits="4"/><line number="35" hits="6"/><line number="37" hits="4"/><line number="38" hits="2"/><line number="39" hits="4"/><line number="41" hits="2"/><line number="43" hits="0"/><line number="47" hits="4"/><line number="48" hits="2"/><line number="49" hits="2"/><line number="50" hits="4"/><line number="55" hits="4"/><line number="56" hits="4"/><line number="57" hits="2"/><line number="61" hits="2"/><line number="62" hits="2"/><line number="63" hits="2"/><line number="64" hits="0"/><line number="67" hits="0"/><line number="68" hits="0"/><line number="72" hits="2"/><line number="73" hits="2"/><line number="74" hits="4"/><line number="75" hits="0"/><line number="78" hits="0"/><line number="79" hits="0"/><line number="86" hits="2"/><line number="96" hits="4"/><line number="97" hits="2"/><line number="98" hits="2"/><line number="99" hits="6"/><line number="100" hits="4"/><line number="101" hits="2"/><line number="103" hits="0"/><line number="105" hits="4"/><line number="111" hits="2"/><line number="113" hits="2"/><line number="114" hits="6"/><line number="116" hits="2"/><line number="117" hits="2"/><line number="118" hits="2"/><line number="121" hits="2"/><line number="123" hits="2"/><line number="126" hits="2"/><line number="127" hits="2"/><line number="130" hits="2"/><line number="131" hits="2"/><line number="132" hits="2"/><line number="133" hits="2"/><line number="134" hits="4"/><line number="135" hits="4"/><line number="136" hits="2"/><line number="137" hits="2"/><line number="143" hits="2"/><line number="152" hits="2"/><line number="153" hits="2"/><line number="154" hits="2"/><line number="155" hits="2"/><line number="156" hits="2"/><line number="157" hits="2"/><line number="158" hits="2"/><line number="159" hits="2"/><line number="162" hits="2"/><line number="171" hits="2"/><line number="172" hits="2"/><line number="173" hits="4"/><line number="174" hits="6"/><line number="175" hits="2"/><line number="176" hits="2"/><line number="177" hits="2"/><line number="178" hits="2"/><line number="179" hits="4"/><line number="180" hits="4"/><line number="181" hits="4"/><line number="182" hits="2"/><line number="183" hits="4"/><line number="184" hits="2"/><line number="186" hits="4"/><line number="188" hits="4"/><line number="189" hits="2"/><line number="190" hits="2"/><line number="191" hits="2"/><line number="192" hits="2"/><line number="194" hits="2"/><line number="195" hits="4"/><line number="196" hits="2"/><line number="198" hits="2"/><line number="200" hits="2"/><line number="201" hits="2"/><line number="208" hits="2"/><line number="209" hits="2"/><line number="210" hits="0"/><line number="212" hits="2"/><line number="213" hits="2"/><line number="215" hits="2"/><line number="216" hits="2"/><line number="217" hits="2"/><line number="218" hits="2"/><line number="219" hits="2"/><line number="220" hits="2"/><line number="225" hits="2"/><line number="227" hits="2"/><line number="228" hits="2"/><line number="229" hits="4"/><line number="230" hits="2"/><line number="231" hits="2"/><line number="233" hits="2"/></lines></class><class name="svg" filename="src/render/svg.rs" line-rate="0.8787878787878788" branch-rate="0" complexity="0"><methods/><lines><line number="5" hits="6"/><line number="6" hits="32"/><line number="13" hits="10"/><line number="14" hits="11"/><line number="15" hits="9"/><line number="17" hits="11"/><line number="18" hits="10"/><line number="19" hits="11"/><line number="20" hits="21"/><line number="23" hits="10"/><line number="25" hits="9"/><line number="26" hits="12"/><line number="27" hits="9"/><line number="28" hits="21"/><line number="29" hits="19"/><line number="31" hits="11"/><line number="33" hits="9"/><line number="36" hits="9"/><line number="37" hits="0"/><line number="38" hits="0"/><line number="43" hits="0"/><line number="45" hits="0"/><line number="47" hits="9"/><line number="48" hits="29"/><line number="50" hits="10"/><line number="52" hits="8"/><line number="55" hits="9"/><line number="65" hits="7"/><line number="66" hits="19"/><line number="68" hits="27"/><line number="70" hits="10"/><line number="75" hits="7"/><line number="76" hits="9"/></lines></class></classes></package><package name="gui-tauri/src" line-rate="0" branch-rate="0" complexity="0"><classes></classes></package><package name="src" line-rate="0.827893175074184" branch-rate="0" complexity="0"><classes><class name="cli" filename="src/cli.rs" line-rate="0.8" branch-rate="0" complexity="0"><methods/><lines><line number="7" hits="1"/><line number="14" hits="1"/><line number="16" hits="1"/><line number="17" hits="2"/><line number="20" hits="0"/><line number="21" hits="0"/><line number="24" hits="1"/><line number="28" hits="1"/><line number="29" hits="1"/><line number="30" hits="1"/></lines></class><class name="lib" filename="src/lib.rs" line-rate="0.625" branch-rate="0" complexity="0"><methods/><lines><line number="35" hits="0"/><line number="36" hits="20"/><line number="53" hits="0"/><line number="54" hits="1"/><line number="55" hits="0"/><line number="56" hits="0"/><line number="61" hits="0"/><line number="64" hits="8"/><line number="65" hits="16"/><line number="66" hits="8"/><line number="67" hits="2"/><line number="92" hits="0"/><line number="102" hits="17"/><line number="107" hits="17"/><line number="108" hits="10"/><line number="120" hits="2"/><line number="125" hits="2"/><line number="127" hits="6"/><line number="134" hits="2"/><line number="140" hits="2"/><line number="141" hits="0"/><line number="146" hits="2"/><line number="152" hits="0"/><line number="153" hits="0"/></lines></class></classes></package><package name="src/bin" line-rate="0" branch-rate="0" complexity="0"><classes><class name="debug_initials" filename="src/bin/debug_initials.rs" line-rate="0" branch-rate="0" complexity="0"><methods/><lines><line number="4" hits="0"/><line number="5" hits="0"/><line number="13" hits="0"/><line number="14" hits="0"/><line number="15" hits="0"/><line number="16" hits="0"/><line number="17" hits="0"/><line number="21" hits="0"/></lines></class><class name="logen" filename="src/bin/logen.rs" line-rate="0" branch-rate="0" complexity="0"><methods/><lines><line number="16" hits="0"/><line number="17" hits="0"/><line number="18" hits="0"/><line number="19" hits="0"/><line number="61" hits="0"/><line number="62" hits="0"/><line number="63" hits="0"/><line number="66" hits="0"/><line number="67" hits="0"/><line number="68" hits="0"/><line number="69" hits="0"/><line number="72" hits="0"/><line number="74" hits="0"/></lines></class></classes></package><package name="src/core" line-rate="0.9722222222222222" branch-rate="0" complexity="0"><classes><class name="palette" filename="src/core/palette.rs" line-rate="0.9555555555555556" branch-rate="0" complexity="0"><methods/><lines><line number="29" hits="9"/><line number="30" hits="11"/><line number="35" hits="7"/><line number="36" hits="9"/><line number="37" hits="16"/><line number="38" hits="8"/><line number="40" hits="11"/><line number="41" hits="2"/><line number="43" hits="8"/><line number="44" hits="9"/><line number="46" hits="7"/><line number="47" hits="7"/><line number="49" hits="9"/><line number="50" hits="8"/><line number="52" hits="7"/><line number="55" hits="7"/><line number="56" hits="9"/><line number="57" hits="9"/><line number="59" hits="9"/><line number="60" hits="0"/><line number="61" hits="0"/><line number="64" hits="17"/><line number="65" hits="9"/><line number="67" hits="7"/><line number="69" hits="8"/><line number="71" hits="9"/><line number="72" hits="10"/><line number="73" hits="9"/><line number="76" hits="9"/><line number="77" hits="8"/><line number="78" hits="10"/><line number="89" hits="15"/><line number="91" hits="15"/><line number="92" hits="11"/><line number="93" hits="13"/><line number="95" hits="10"/><line number="97" hits="10"/><line number="98" hits="13"/><line number="99" hits="11"/><line number="102" hits="23"/><line number="103" hits="1"/><line number="105" hits="12"/><line number="106" hits="11"/><line number="107" hits="12"/><line number="108" hits="11"/></lines></class><class name="seed" filename="src/core/seed.rs" line-rate="1" branch-rate="0" complexity="0"><methods/><lines><line number="6" hits="22"/><line number="8" hits="22"/><line number="11" hits="22"/><line number="12" hits="23"/><line number="14" hits="46"/><line number="15" hits="38"/><line number="16" hits="12"/><line number="17" hits="6"/><line number="18" hits="6"/><line number="21" hits="18"/><line number="22" hits="38"/><line number="26" hits="15"/><line number="30" hits="19"/><line number="31" hits="19"/><line number="32" hits="40"/><line number="34" hits="20"/><line number="36" hits="20"/><line number="38" hits="5"/><line number="39" hits="6"/><line number="40" hits="3"/><line number="44" hits="18"/><line number="48" hits="1"/><line number="49" hits="1"/><line number="50" hits="1"/><line number="51" hits="1"/><line number="52" hits="1"/></lines></class><class name="typography" filename="src/core/typography.rs" line-rate="1" branch-rate="0" complexity="0"><methods/><lines><line number="13" hits="7"/></lines></class></classes></package><package name="tests" line-rate="0" branch-rate="0" complexity="0"><classes></classes></package><package name="backend/src" line-rate="0" branch-rate="0" complexity="0"><classes></classes></package><package name="src/algorithms" line-rate="0.84375" branch-rate="0" complexity="0"><classes><class name="mod" filename="src/algorithms/mod.rs" line-rate="1" branch-rate="0" complexity="0"><methods/><lines><line number="43" hits="19"/><line number="48" hits="20"/><line number="49" hits="2"/><line number="54" hits="35"/><line number="55" hits="1"/><line number="61" hits="15"/><line number="62" hits="26"/><line number="63" hits="2"/><line number="64" hits="2"/><line number="67" hits="28"/><line number="68" hits="13"/><line number="71" hits="13"/></lines></class><class name="monogram_badge" filename="src/algorithms/monogram_badge.rs" line-rate="0.8076923076923077" branch-rate="0" complexity="0"><methods/><lines><line number="23" hits="12"/><line number="29" hits="32"/><line number="30" hits="12"/><line number="32" hits="21"/><line number="33" hits="8"/><line number="34" hits="16"/><line number="35" hits="3"/><line number="41" hits="28"/><line number="42" hits="14"/><line number="46" hits="21"/><line number="47" hits="3"/><line number="48" hits="0"/><line number="52" hits="20"/><line number="53" hits="1"/><line number="56" hits="20"/><line number="100" hits="14"/><line number="105" hits="14"/><line number="106" hits="15"/><line number="107" hits="15"/><line number="109" hits="15"/><line number="113" hits="15"/><line number="114" hits="15"/><line number="117" hits="15"/><line number="118" hits="10"/><line number="121" hits="10"/><line number="122" hits="23"/><line number="123" hits="0"/><line number="124" hits="0"/><line number="125" hits="0"/><line number="126" hits="0"/><line number="129" hits="11"/><line number="137" hits="11"/><line number="138" hits="22"/><line number="140" hits="23"/><line number="141" hits="11"/><line number="142" hits="13"/><line number="144" hits="13"/><line number="145" hits="13"/><line number="146" hits="11"/><line number="149" hits="12"/><line number="150" hits="11"/><line number="151" hits="13"/><line number="152" hits="11"/><line number="153" hits="13"/><line number="154" hits="11"/><line number="155" hits="0"/><line number="156" hits="10"/><line number="157" hits="0"/><line number="161" hits="12"/><line number="162" hits="0"/><line number="163" hits="0"/><line number="164" hits="0"/></lines></class></classes></package></packages></coverage>